Example nonlocal_comp
d=1 T=0.2 i=1
DeepSplitting
Step 1 / 3 
Current loss is: 1.0467169
Current loss is: 2.4240004e-5
Current loss is: 3.4746574e-7
Current loss is: 3.3769504e-7
Current loss is: 3.3349528e-7
Current loss is: 3.471397e-7
Current loss is: 3.708653e-7
Current loss is: 3.4419594e-7
Current loss is: 3.387651e-7
Current loss is: 3.3323786e-7
Current loss is: 3.3324707e-7
Current loss is: 3.1532622e-7
Current loss is: 3.196269e-7
Current loss is: 3.4001727e-7
Current loss is: 3.4843978e-7
Current loss is: 3.4005816e-7
Current loss is: 3.5161537e-7
Current loss is: 3.2610205e-7
Current loss is: 3.285401e-7
Current loss is: 3.4407037e-7
Current loss is: 3.1563255e-7
Step 2 / 3 
Current loss is: 0.0139927175
Current loss is: 9.4681646e-8
Step 3 / 3 
Current loss is: 0.00014173557
Current loss is: 5.5562793e-8
sol_ds.value = 1.1711267f0
MLP
sol_mlp.value = 1.151444417976549
d=1 T=0.2 i=2
DeepSplitting
Step 1 / 3 
Current loss is: 1.0385163
Current loss is: 9.3190965e-6
Current loss is: 3.5126848e-7
Current loss is: 3.5605478e-7
Current loss is: 3.6154012e-7
Current loss is: 3.8098e-7
Current loss is: 3.5133536e-7
Current loss is: 3.54904e-7
Current loss is: 3.4612205e-7
Current loss is: 3.6300122e-7
Current loss is: 3.460453e-7
Current loss is: 3.4156895e-7
Current loss is: 3.9437376e-7
Current loss is: 3.6834948e-7
Current loss is: 3.480305e-7
Current loss is: 3.2470592e-7
Current loss is: 3.6295526e-7
Current loss is: 3.25325e-7
Current loss is: 3.5116923e-7
Current loss is: 3.6820296e-7
Current loss is: 3.8021318e-7
Step 2 / 3 
Current loss is: 0.017907469
Current loss is: 2.4851263e-6
Current loss is: 5.375403e-8
Step 3 / 3 
Current loss is: 0.00012911284
Current loss is: 1.4397709e-8
sol_ds.value = 1.1708685f0
MLP
sol_mlp.value = 1.1499176253796712
d=1 T=0.2 i=3
DeepSplitting
Step 1 / 3 
Current loss is: 1.0350678
Current loss is: 4.0550235e-6
Current loss is: 4.3306042e-7
Current loss is: 4.3095525e-7
Current loss is: 4.3119653e-7
Current loss is: 4.0299278e-7
Current loss is: 4.3834677e-7
Current loss is: 4.1819803e-7
Current loss is: 4.2627613e-7
Current loss is: 4.3048516e-7
Current loss is: 4.0401787e-7
Current loss is: 4.5896996e-7
Current loss is: 4.3747954e-7
Current loss is: 4.790046e-7
Current loss is: 4.347745e-7
Current loss is: 4.5873892e-7
Current loss is: 4.1214975e-7
Current loss is: 4.580804e-7
Current loss is: 4.559764e-7
Current loss is: 4.2593678e-7
Current loss is: 3.8760734e-7
Step 2 / 3 
Current loss is: 0.017147392
Current loss is: 2.0787522e-7
Current loss is: 1.5948052e-8
Step 3 / 3 
Current loss is: 0.00013943555
Current loss is: 7.71619e-8
sol_ds.value = 1.1707109f0
MLP
sol_mlp.value = 1.146367171427232
d=1 T=0.2 i=4
DeepSplitting
Step 1 / 3 
Current loss is: 1.0570798
Current loss is: 3.0571987e-6
Current loss is: 4.103841e-7
Current loss is: 4.3851313e-7
Current loss is: 4.4772247e-7
Current loss is: 4.557165e-7
Current loss is: 4.225698e-7
Current loss is: 4.3959724e-7
Current loss is: 4.5348284e-7
Current loss is: 4.1183216e-7
Current loss is: 4.2089354e-7
Current loss is: 4.5112884e-7
Current loss is: 4.3448517e-7
Current loss is: 4.132349e-7
Current loss is: 4.555039e-7
Current loss is: 4.456317e-7
Current loss is: 4.728122e-7
Current loss is: 4.3930632e-7
Current loss is: 4.2388044e-7
Current loss is: 3.9616572e-7
Current loss is: 4.254569e-7
Step 2 / 3 
Current loss is: 0.012087797
Current loss is: 2.3581818e-7
Current loss is: 1.3182034e-8
Step 3 / 3 
Current loss is: 0.002587601
Current loss is: 1.4756674e-7
Current loss is: 3.726414e-9
sol_ds.value = 1.1709851f0
MLP
sol_mlp.value = 1.1467348505288253
d=1 T=0.2 i=5
DeepSplitting
Step 1 / 3 
Current loss is: 1.0436668
Current loss is: 3.0441388e-5
Current loss is: 3.9064602e-7
Current loss is: 3.749523e-7
Current loss is: 3.7431124e-7
Current loss is: 3.81811e-7
Current loss is: 3.832423e-7
Current loss is: 3.7072118e-7
Current loss is: 3.6515857e-7
Current loss is: 3.4556115e-7
Current loss is: 3.7246136e-7
Current loss is: 3.729487e-7
Current loss is: 3.703146e-7
Current loss is: 3.6760483e-7
Current loss is: 3.505908e-7
Current loss is: 3.7247887e-7
Current loss is: 3.7711143e-7
Current loss is: 3.4745352e-7
Current loss is: 3.7971193e-7
Current loss is: 3.8934104e-7
Current loss is: 3.6955308e-7
Step 2 / 3 
Current loss is: 0.0101082
Current loss is: 3.5649975e-7
Current loss is: 4.4606054e-8
Step 3 / 3 
Current loss is: 0.011099032
Current loss is: 5.2268075e-7
Current loss is: 1.3047475e-8
sol_ds.value = 1.171011f0
MLP
sol_mlp.value = 1.1483744128573625
d=1 T=0.5 i=1
DeepSplitting
Step 1 / 3 
Current loss is: 1.2379493
Current loss is: 2.4368087e-6
Current loss is: 2.4085778e-6
Current loss is: 2.523139e-6
Current loss is: 2.666438e-6
Current loss is: 2.2829095e-6
Current loss is: 2.5741172e-6
Current loss is: 2.5497395e-6
Current loss is: 2.6758123e-6
Current loss is: 2.5234012e-6
Current loss is: 2.398983e-6
Current loss is: 2.1846183e-6
Current loss is: 2.3461607e-6
Current loss is: 2.3581717e-6
Current loss is: 2.449085e-6
Current loss is: 2.3851032e-6
Current loss is: 2.4880896e-6
Current loss is: 2.7871051e-6
Current loss is: 3.4604625e-6
Current loss is: 1.0815209e-5
Current loss is: 0.0001006034
Step 2 / 3 
Current loss is: 0.26822883
Current loss is: 1.2047085e-5
Current loss is: 9.4192416e-7
Current loss is: 1.0466046e-6
Current loss is: 9.919636e-7
Current loss is: 9.760458e-7
Current loss is: 1.0235718e-6
Current loss is: 8.9807156e-7
Current loss is: 9.391806e-7
Current loss is: 8.993786e-7
Current loss is: 9.457239e-7
Current loss is: 9.6382e-7
Current loss is: 9.288593e-7
Current loss is: 1.0347177e-6
Current loss is: 9.763851e-7
Current loss is: 9.971913e-7
Current loss is: 9.826838e-7
Current loss is: 1.0255656e-6
Current loss is: 1.0112816e-6
Current loss is: 9.698115e-7
Current loss is: 9.2420123e-7
Step 3 / 3 
Current loss is: 0.017478848
Current loss is: 1.4655641e-6
Current loss is: 6.334126e-7
Current loss is: 6.6350026e-7
Current loss is: 7.002613e-7
Current loss is: 6.890389e-7
Current loss is: 6.694465e-7
Current loss is: 7.068917e-7
Current loss is: 6.4230807e-7
Current loss is: 6.275255e-7
Current loss is: 6.737668e-7
Current loss is: 6.193746e-7
Current loss is: 6.908183e-7
Current loss is: 6.967381e-7
Current loss is: 6.327998e-7
Current loss is: 6.7382956e-7
Current loss is: 6.8494364e-7
Current loss is: 6.417481e-7
Current loss is: 7.6664924e-7
Current loss is: 1.25256e-6
Current loss is: 4.1894764e-6
sol_ds.value = 1.4626493f0
MLP
sol_mlp.value = 1.4099892313968594
d=1 T=0.5 i=2
DeepSplitting
Step 1 / 3 
Current loss is: 1.2141812
Current loss is: 1.6497284e-5
Current loss is: 2.784398e-6
Current loss is: 2.7961764e-6
Current loss is: 2.8123366e-6
Current loss is: 2.5197614e-6
Current loss is: 2.9428427e-6
Current loss is: 2.74843e-6
Current loss is: 2.7853127e-6
Current loss is: 2.7460223e-6
Current loss is: 2.7509045e-6
Current loss is: 2.8791737e-6
Current loss is: 2.6118987e-6
Current loss is: 2.9189187e-6
Current loss is: 2.7195806e-6
Current loss is: 2.582032e-6
Current loss is: 2.7557871e-6
Current loss is: 2.799262e-6
Current loss is: 2.718679e-6
Current loss is: 2.8139323e-6
Current loss is: 2.795301e-6
Step 2 / 3 
Current loss is: 0.10073947
Current loss is: 8.269228e-6
Current loss is: 2.9140577e-7
Current loss is: 2.781023e-7
Current loss is: 3.107788e-7
Current loss is: 2.7733978e-7
Current loss is: 2.9132673e-7
Current loss is: 3.0579244e-7
Current loss is: 2.9791767e-7
Current loss is: 2.979703e-7
Current loss is: 2.82583e-7
Current loss is: 2.8595414e-7
Current loss is: 2.9248687e-7
Current loss is: 3.009439e-7
Current loss is: 2.9202928e-7
Current loss is: 2.8812252e-7
Current loss is: 2.8924603e-7
Current loss is: 2.892811e-7
Current loss is: 2.9938235e-7
Current loss is: 2.8562832e-7
Current loss is: 3.1178305e-7
Step 3 / 3 
Current loss is: 0.017830856
Current loss is: 7.8822137e-7
Current loss is: 4.3569706e-8
sol_ds.value = 1.4524213f0
MLP
sol_mlp.value = 1.4131004312757949
d=1 T=0.5 i=3
DeepSplitting
Step 1 / 3 
Current loss is: 1.2066333
Current loss is: 1.02027e-5
Current loss is: 2.7638237e-6
Current loss is: 2.4788192e-6
Current loss is: 2.6399164e-6
Current loss is: 2.6877165e-6
Current loss is: 2.5792708e-6
Current loss is: 2.8316827e-6
Current loss is: 2.7821777e-6
Current loss is: 2.7718525e-6
Current loss is: 2.6851021e-6
Current loss is: 2.8144575e-6
Current loss is: 2.7635406e-6
Current loss is: 2.5352638e-6
Current loss is: 2.8002348e-6
Current loss is: 2.8515421e-6
Current loss is: 2.8433312e-6
Current loss is: 2.7415572e-6
Current loss is: 2.5418476e-6
Current loss is: 2.8279194e-6
Current loss is: 2.40225e-6
Step 2 / 3 
Current loss is: 0.097113915
Current loss is: 3.6565525e-6
Current loss is: 4.387061e-7
Current loss is: 4.5791478e-7
Current loss is: 4.2948048e-7
Current loss is: 4.4134035e-7
Current loss is: 4.5518044e-7
Current loss is: 4.34384e-7
Current loss is: 4.3923313e-7
Current loss is: 4.250045e-7
Current loss is: 4.4514996e-7
Current loss is: 4.5774473e-7
Current loss is: 4.7538586e-7
Current loss is: 4.3050002e-7
Current loss is: 4.4624136e-7
Current loss is: 3.9669e-7
Current loss is: 4.52129e-7
Current loss is: 3.9316436e-7
Current loss is: 4.2694785e-7
Current loss is: 4.2979846e-7
Current loss is: 4.3913877e-7
Step 3 / 3 
Current loss is: 0.028867118
Current loss is: 6.82157e-7
Current loss is: 5.0688904e-8
sol_ds.value = 1.45255f0
MLP
sol_mlp.value = 1.408675201590693
d=1 T=0.5 i=4
DeepSplitting
Step 1 / 3 
Current loss is: 1.2033434
Current loss is: 1.756144e-5
Current loss is: 2.860915e-6
Current loss is: 2.720623e-6
Current loss is: 2.6593034e-6
Current loss is: 2.7762862e-6
Current loss is: 2.8425377e-6
Current loss is: 2.7530489e-6
Current loss is: 2.7245708e-6
Current loss is: 2.5913132e-6
Current loss is: 2.6597884e-6
Current loss is: 2.5551092e-6
Current loss is: 2.7349809e-6
Current loss is: 2.6393923e-6
Current loss is: 2.5720526e-6
Current loss is: 2.705867e-6
Current loss is: 2.9906587e-6
Current loss is: 2.7027306e-6
Current loss is: 2.6468033e-6
Current loss is: 2.712441e-6
Current loss is: 2.7326107e-6
Step 2 / 3 
Current loss is: 0.110883385
Current loss is: 4.9527927e-7
Current loss is: 3.3801072e-7
Current loss is: 3.4976412e-7
Current loss is: 3.3214397e-7
Current loss is: 3.4523376e-7
Current loss is: 3.4560153e-7
Current loss is: 3.581699e-7
Current loss is: 3.4690962e-7
Current loss is: 3.2915904e-7
Current loss is: 3.3775217e-7
Current loss is: 3.492379e-7
Current loss is: 3.489003e-7
Current loss is: 3.7114722e-7
Current loss is: 3.1695552e-7
Current loss is: 3.418252e-7
Current loss is: 3.557022e-7
Current loss is: 3.4353786e-7
Current loss is: 3.5291646e-7
Current loss is: 3.3715935e-7
Current loss is: 3.524703e-7
Step 3 / 3 
Current loss is: 0.035395075
Current loss is: 2.9394442e-7
Current loss is: 3.4284117e-8
sol_ds.value = 1.4525287f0
MLP
sol_mlp.value = 1.4049086640316688
d=1 T=0.5 i=5
DeepSplitting
Step 1 / 3 
Current loss is: 1.2071012
Current loss is: 2.5403375e-5
Current loss is: 2.6423543e-6
Current loss is: 2.491699e-6
Current loss is: 2.4189364e-6
Current loss is: 2.6541027e-6
Current loss is: 2.4506164e-6
Current loss is: 2.7719166e-6
Current loss is: 2.6326713e-6
Current loss is: 2.750317e-6
Current loss is: 2.5667714e-6
Current loss is: 2.5848917e-6
Current loss is: 2.5382992e-6
Current loss is: 2.7970336e-6
Current loss is: 2.6661896e-6
Current loss is: 2.5379331e-6
Current loss is: 2.6922057e-6
Current loss is: 2.6683372e-6
Current loss is: 2.611077e-6
Current loss is: 2.7741069e-6
Current loss is: 2.6303212e-6
Step 2 / 3 
Current loss is: 0.13351074
Current loss is: 9.187926e-7
Current loss is: 3.8966112e-7
Current loss is: 4.3940906e-7
Current loss is: 3.980361e-7
Current loss is: 3.9349533e-7
Current loss is: 4.115409e-7
Current loss is: 4.086762e-7
Current loss is: 3.9825153e-7
Current loss is: 4.174392e-7
Current loss is: 4.317268e-7
Current loss is: 3.7772534e-7
Current loss is: 3.7325037e-7
Current loss is: 4.1601535e-7
Current loss is: 3.9689326e-7
Current loss is: 3.7745494e-7
Current loss is: 3.9694118e-7
Current loss is: 4.0547837e-7
Current loss is: 4.222198e-7
Current loss is: 3.9802188e-7
Current loss is: 4.155325e-7
Step 3 / 3 
Current loss is: 0.106410705
Current loss is: 2.975013e-7
Current loss is: 1.0681266e-7
Current loss is: 9.7416304e-8
sol_ds.value = 1.452534f0
MLP
sol_mlp.value = 1.4122917687510737
d=1 T=1.0 i=1
DeepSplitting
Step 1 / 3 
Current loss is: 1.5104551
Current loss is: 5.2438547e-5
Current loss is: 1.4254558e-5
Current loss is: 1.3741784e-5
Current loss is: 1.2228212e-5
Current loss is: 1.3529616e-5
Current loss is: 1.3503249e-5
Current loss is: 1.3836277e-5
Current loss is: 1.246217e-5
Current loss is: 1.4428919e-5
Current loss is: 1.4372955e-5
Current loss is: 1.3903031e-5
Current loss is: 1.275555e-5
Current loss is: 1.4051204e-5
Current loss is: 1.2819764e-5
Current loss is: 1.2576112e-5
Current loss is: 1.2279965e-5
Current loss is: 1.2754043e-5
Current loss is: 1.2894586e-5
Current loss is: 1.2598748e-5
Current loss is: 1.2740694e-5
Step 2 / 3 
Current loss is: 0.74116164
Current loss is: 1.9601168e-6
Current loss is: 1.7118384e-6
Current loss is: 1.7496552e-6
Current loss is: 1.6176679e-6
Current loss is: 1.6648662e-6
Current loss is: 1.7921507e-6
Current loss is: 1.5502274e-6
Current loss is: 1.7323143e-6
Current loss is: 1.6836447e-6
Current loss is: 1.6427845e-6
Current loss is: 1.7108719e-6
Current loss is: 1.6592732e-6
Current loss is: 1.6232858e-6
Current loss is: 1.7919978e-6
Current loss is: 1.6765817e-6
Current loss is: 1.692695e-6
Current loss is: 1.6490162e-6
Current loss is: 1.6257052e-6
Current loss is: 1.6911765e-6
Current loss is: 1.5766242e-6
Step 3 / 3 
Current loss is: 0.39750695
Current loss is: 6.0713305e-6
Current loss is: 4.4300265e-7
Current loss is: 4.678513e-7
Current loss is: 4.4167047e-7
Current loss is: 4.1386213e-7
Current loss is: 4.8080227e-7
Current loss is: 4.5430463e-7
Current loss is: 4.3735358e-7
Current loss is: 4.3916975e-7
Current loss is: 4.4060948e-7
Current loss is: 4.260804e-7
Current loss is: 4.3828305e-7
Current loss is: 4.334712e-7
Current loss is: 4.2376294e-7
Current loss is: 4.3730353e-7
Current loss is: 4.517468e-7
Current loss is: 4.1684717e-7
Current loss is: 4.9293936e-7
Current loss is: 4.5559037e-7
Current loss is: 4.57859e-7
sol_ds.value = 1.9818678f0
MLP
sol_mlp.value = 1.9466554509055884
d=1 T=1.0 i=2
DeepSplitting
Step 1 / 3 
Current loss is: 1.5090739
Current loss is: 4.2051666e-5
Current loss is: 1.4786705e-5
Current loss is: 1.3883782e-5
Current loss is: 1.394227e-5
Current loss is: 1.441041e-5
Current loss is: 1.414522e-5
Current loss is: 1.3892281e-5
Current loss is: 1.4134856e-5
Current loss is: 1.4768423e-5
Current loss is: 1.4250626e-5
Current loss is: 1.4089068e-5
Current loss is: 1.39996855e-5
Current loss is: 1.4406552e-5
Current loss is: 1.4724336e-5
Current loss is: 1.4195497e-5
Current loss is: 1.33165895e-5
Current loss is: 1.3799349e-5
Current loss is: 1.3971722e-5
Current loss is: 1.402767e-5
Current loss is: 1.34120455e-5
Step 2 / 3 
Current loss is: 1.3536735
Current loss is: 5.630866e-5
Current loss is: 1.1646974e-6
Current loss is: 1.070654e-6
Current loss is: 1.0258105e-6
Current loss is: 1.0154386e-6
Current loss is: 1.0337242e-6
Current loss is: 1.084363e-6
Current loss is: 1.1099524e-6
Current loss is: 1.0726225e-6
Current loss is: 1.1256553e-6
Current loss is: 9.926187e-7
Current loss is: 1.045527e-6
Current loss is: 1.0947399e-6
Current loss is: 1.0060471e-6
Current loss is: 1.0222027e-6
Current loss is: 1.0629982e-6
Current loss is: 1.0230741e-6
Current loss is: 1.0638774e-6
Current loss is: 1.0663567e-6
Current loss is: 1.052409e-6
Step 3 / 3 
Current loss is: 0.13996248
Current loss is: 4.399405e-7
Current loss is: 1.9242675e-7
Current loss is: 1.8733323e-7
Current loss is: 2.0371793e-7
Current loss is: 1.991084e-7
Current loss is: 2.0721993e-7
Current loss is: 2.1668039e-7
Current loss is: 1.8636506e-7
Current loss is: 1.953081e-7
Current loss is: 1.8142565e-7
Current loss is: 2.0235771e-7
Current loss is: 1.8812588e-7
Current loss is: 2.0402689e-7
Current loss is: 2.0447862e-7
Current loss is: 2.146163e-7
Current loss is: 1.8850457e-7
Current loss is: 2.5201834e-7
Current loss is: 0.0002095359
Current loss is: 2.3597153e-7
Current loss is: 0.0013730142
sol_ds.value = 1.944642f0
MLP
sol_mlp.value = 1.9618352064213744
d=1 T=1.0 i=3
DeepSplitting
Step 1 / 3 
Current loss is: 1.542345
Current loss is: 3.4053213e-5
Current loss is: 1.4464738e-5
Current loss is: 1.1863247e-5
Current loss is: 1.34943175e-5
Current loss is: 1.3871397e-5
Current loss is: 1.3804175e-5
Current loss is: 1.2466669e-5
Current loss is: 1.2855945e-5
Current loss is: 1.2499963e-5
Current loss is: 1.4730424e-5
Current loss is: 1.3556172e-5
Current loss is: 1.2968991e-5
Current loss is: 1.2741702e-5
Current loss is: 1.3590073e-5
Current loss is: 1.315911e-5
Current loss is: 1.34772945e-5
Current loss is: 1.2615559e-5
Current loss is: 1.3890403e-5
Current loss is: 6.735698e-5
Current loss is: 0.0010604684
Step 2 / 3 
Current loss is: 2.2010765
Current loss is: 0.000120723904
Current loss is: 1.9082818e-6
Current loss is: 1.8816758e-6
Current loss is: 1.8574538e-6
Current loss is: 1.9044386e-6
Current loss is: 1.932973e-6
Current loss is: 2.029595e-6
Current loss is: 1.9937272e-6
Current loss is: 1.981725e-6
Current loss is: 1.8649738e-6
Current loss is: 1.963008e-6
Current loss is: 1.8165498e-6
Current loss is: 1.912926e-6
Current loss is: 1.9075578e-6
Current loss is: 1.8396203e-6
Current loss is: 1.9120546e-6
Current loss is: 2.0423688e-6
Current loss is: 1.9131442e-6
Current loss is: 1.8382192e-6
Current loss is: 1.8325876e-6
Step 3 / 3 
Current loss is: 0.013724756
Current loss is: 5.8204428e-6
Current loss is: 1.2952659e-6
Current loss is: 1.2763816e-6
Current loss is: 1.3272285e-6
Current loss is: 1.3104755e-6
Current loss is: 1.2253266e-6
Current loss is: 1.2732347e-6
Current loss is: 1.3454643e-6
Current loss is: 1.2412083e-6
Current loss is: 1.3602897e-6
Current loss is: 1.2740003e-6
Current loss is: 1.2591839e-6
Current loss is: 1.3340303e-6
Current loss is: 1.2119607e-6
Current loss is: 1.211392e-6
Current loss is: 1.3235475e-6
Current loss is: 1.3042977e-6
Current loss is: 1.2735138e-6
Current loss is: 1.3499508e-6
Current loss is: 1.3942584e-6
sol_ds.value = 2.0255566f0
MLP
sol_mlp.value = 1.970467806640884
d=1 T=1.0 i=4
DeepSplitting
Step 1 / 3 
Current loss is: 1.5119632
Current loss is: 4.580182e-5
Current loss is: 1.3276132e-5
Current loss is: 1.2772873e-5
Current loss is: 1.340463e-5
Current loss is: 1.3520733e-5
Current loss is: 1.36745775e-5
Current loss is: 1.3085114e-5
Current loss is: 1.2920014e-5
Current loss is: 1.3167903e-5
Current loss is: 1.2319855e-5
Current loss is: 1.3371331e-5
Current loss is: 1.2782517e-5
Current loss is: 1.3639124e-5
Current loss is: 1.3346675e-5
Current loss is: 1.254726e-5
Current loss is: 1.3585634e-5
Current loss is: 1.2815601e-5
Current loss is: 1.2719609e-5
Current loss is: 1.2585411e-5
Current loss is: 1.2772521e-5
Step 2 / 3 
Current loss is: 1.0527791
Current loss is: 1.3602276e-5
Current loss is: 1.7956164e-6
Current loss is: 1.70715e-6
Current loss is: 1.9672484e-6
Current loss is: 1.7752518e-6
Current loss is: 2.0690297e-6
Current loss is: 1.8841203e-6
Current loss is: 1.8523217e-6
Current loss is: 1.783073e-6
Current loss is: 1.822605e-6
Current loss is: 1.924538e-6
Current loss is: 1.9146776e-6
Current loss is: 1.8486821e-6
Current loss is: 1.9439217e-6
Current loss is: 1.9356628e-6
Current loss is: 1.8860412e-6
Current loss is: 1.8552308e-6
Current loss is: 1.9625306e-6
Current loss is: 2.049232e-6
Current loss is: 1.8760388e-6
Step 3 / 3 
Current loss is: 0.044943675
Current loss is: 3.6000467e-6
Current loss is: 4.6044937e-7
Current loss is: 4.360797e-7
Current loss is: 4.3534044e-7
Current loss is: 4.4974854e-7
Current loss is: 4.6945402e-7
Current loss is: 4.632628e-7
Current loss is: 4.626123e-7
Current loss is: 4.5469505e-7
Current loss is: 4.7209133e-7
Current loss is: 4.3792238e-7
Current loss is: 4.8230095e-7
Current loss is: 4.657567e-7
Current loss is: 4.5537192e-7
Current loss is: 4.0604303e-7
Current loss is: 4.5352232e-7
Current loss is: 4.3840407e-7
Current loss is: 4.9140436e-7
Current loss is: 4.885076e-7
Current loss is: 4.342891e-7
sol_ds.value = 1.9826349f0
MLP
sol_mlp.value = 1.9612000447236237
d=1 T=1.0 i=5
DeepSplitting
Step 1 / 3 
Current loss is: 1.5084354
Current loss is: 3.5487737e-5
Current loss is: 1.4909744e-5
Current loss is: 1.3884147e-5
Current loss is: 1.487252e-5
Current loss is: 1.3879841e-5
Current loss is: 1.2817266e-5
Current loss is: 1.4453796e-5
Current loss is: 1.3625155e-5
Current loss is: 1.4042353e-5
Current loss is: 1.3713874e-5
Current loss is: 1.3692923e-5
Current loss is: 1.4908905e-5
Current loss is: 1.3939036e-5
Current loss is: 1.3277213e-5
Current loss is: 1.4247e-5
Current loss is: 1.4121064e-5
Current loss is: 1.4317233e-5
Current loss is: 1.25389015e-5
Current loss is: 1.41399105e-5
Current loss is: 1.3392821e-5
Step 2 / 3 
Current loss is: 1.5243164
Current loss is: 9.077315e-6
Current loss is: 1.1720203e-6
Current loss is: 1.1041212e-6
Current loss is: 1.12803e-6
Current loss is: 1.1600312e-6
Current loss is: 1.1697231e-6
Current loss is: 1.1574758e-6
Current loss is: 1.2014336e-6
Current loss is: 1.1784643e-6
Current loss is: 1.0873677e-6
Current loss is: 1.1026339e-6
Current loss is: 1.1094788e-6
Current loss is: 1.2081796e-6
Current loss is: 1.1872335e-6
Current loss is: 1.1098656e-6
Current loss is: 1.1445985e-6
Current loss is: 1.1742735e-6
Current loss is: 1.1387524e-6
Current loss is: 1.1961712e-6
Current loss is: 1.1298328e-6
Step 3 / 3 
Current loss is: 0.3348669
Current loss is: 1.176275e-6
Current loss is: 4.1194255e-7
Current loss is: 4.0778602e-7
Current loss is: 3.9855306e-7
Current loss is: 4.357018e-7
Current loss is: 4.0345535e-7
Current loss is: 3.8074862e-7
Current loss is: 3.6031247e-7
Current loss is: 4.2665516e-7
Current loss is: 3.937743e-7
Current loss is: 3.9102247e-7
Current loss is: 3.8957418e-7
Current loss is: 4.0964548e-7
Current loss is: 3.9838e-7
Current loss is: 4.2235052e-7
Current loss is: 3.8757113e-7
Current loss is: 3.7217242e-7
Current loss is: 3.930244e-7
Current loss is: 3.75471e-7
Current loss is: 4.079513e-7
sol_ds.value = 1.9829944f0
MLP
sol_mlp.value = 1.9260763973819652
d=2 T=0.2 i=1
DeepSplitting
Step 1 / 3 
Current loss is: 1.0729643
Current loss is: 9.105586e-6
Current loss is: 8.464333e-7
Current loss is: 8.1334156e-7
Current loss is: 8.2526316e-7
Current loss is: 8.6594946e-7
Current loss is: 8.528705e-7
Current loss is: 8.8409007e-7
Current loss is: 9.3347313e-7
Current loss is: 8.4679266e-7
Current loss is: 8.2775114e-7
Current loss is: 8.798031e-7
Current loss is: 8.3578874e-7
Current loss is: 8.499203e-7
Current loss is: 8.818354e-7
Current loss is: 8.8787317e-7
Current loss is: 8.787741e-7
Current loss is: 8.962519e-7
Current loss is: 8.563845e-7
Current loss is: 8.6085197e-7
Current loss is: 8.154768e-7
Step 2 / 3 
Current loss is: 0.018333897
Current loss is: 3.1477617e-7
Current loss is: 4.9372932e-8
Step 3 / 3 
Current loss is: 0.0014011776
Current loss is: 2.0028158e-7
Current loss is: 1.0371795e-8
sol_ds.value = 1.2048053f0
MLP
sol_mlp.value = 1.1827347120518037
d=2 T=0.2 i=2
DeepSplitting
Step 1 / 3 
Current loss is: 1.0513436
Current loss is: 1.660703e-5
Current loss is: 8.617039e-7
Current loss is: 7.7978007e-7
Current loss is: 8.177032e-7
Current loss is: 8.597849e-7
Current loss is: 8.209868e-7
Current loss is: 8.0326697e-7
Current loss is: 8.1769673e-7
Current loss is: 8.330874e-7
Current loss is: 8.4428103e-7
Current loss is: 8.746098e-7
Current loss is: 7.9775236e-7
Current loss is: 8.4271795e-7
Current loss is: 8.6951707e-7
Current loss is: 8.3720107e-7
Current loss is: 8.3241855e-7
Current loss is: 8.3886096e-7
Current loss is: 8.940474e-7
Current loss is: 8.5903594e-7
Current loss is: 1.098263e-6
Step 2 / 3 
Current loss is: 0.04200572
Current loss is: 3.144745e-5
Current loss is: 7.5941585e-8
Step 3 / 3 
Current loss is: 0.0016372274
Current loss is: 1.0047861e-7
Current loss is: 8.595507e-9
sol_ds.value = 1.205434f0
MLP
sol_mlp.value = 1.1795912638121016
d=2 T=0.2 i=3
DeepSplitting
Step 1 / 3 
Current loss is: 1.0751904
Current loss is: 1.6173956e-6
Current loss is: 7.7423385e-7
Current loss is: 7.6283754e-7
Current loss is: 7.4786664e-7
Current loss is: 8.016682e-7
Current loss is: 7.865527e-7
Current loss is: 8.1022364e-7
Current loss is: 7.6537384e-7
Current loss is: 7.911213e-7
Current loss is: 8.0294063e-7
Current loss is: 7.805463e-7
Current loss is: 7.656043e-7
Current loss is: 7.944604e-7
Current loss is: 7.4304074e-7
Current loss is: 7.936906e-7
Current loss is: 7.855903e-7
Current loss is: 8.17864e-7
Current loss is: 8.084946e-7
Current loss is: 7.881372e-7
Current loss is: 8.18968e-7
Step 2 / 3 
Current loss is: 0.02493463
Current loss is: 8.633344e-6
Current loss is: 1.06911806e-7
Current loss is: 1.17809435e-7
Current loss is: 1.17419305e-7
Current loss is: 1.13286156e-7
Current loss is: 1.0991361e-7
Current loss is: 1.1111805e-7
Current loss is: 1.1170956e-7
Current loss is: 1.2142392e-7
Current loss is: 1.1041479e-7
Current loss is: 1.15091964e-7
Current loss is: 1.1398186e-7
Current loss is: 1.1828561e-7
Current loss is: 1.0692442e-7
Current loss is: 1.1686199e-7
Current loss is: 1.1428696e-7
Current loss is: 1.09885846e-7
Current loss is: 1.1407002e-7
Current loss is: 1.1816323e-7
Current loss is: 1.1815327e-7
Step 3 / 3 
Current loss is: 0.0029847005
Current loss is: 2.2390245e-7
Current loss is: 2.0860611e-8
sol_ds.value = 1.2047985f0
MLP
sol_mlp.value = 1.1828644571871096
d=2 T=0.2 i=4
DeepSplitting
Step 1 / 3 
Current loss is: 1.0519676
Current loss is: 1.5051849e-5
Current loss is: 8.4016983e-7
Current loss is: 8.1090445e-7
Current loss is: 7.8544053e-7
Current loss is: 8.533326e-7
Current loss is: 8.2339955e-7
Current loss is: 8.171098e-7
Current loss is: 8.0547034e-7
Current loss is: 8.478823e-7
Current loss is: 8.4740947e-7
Current loss is: 8.0190483e-7
Current loss is: 8.6428224e-7
Current loss is: 7.9724657e-7
Current loss is: 8.4536134e-7
Current loss is: 8.0785895e-7
Current loss is: 8.5767203e-7
Current loss is: 8.753374e-7
Current loss is: 7.934278e-7
Current loss is: 9.004855e-7
Current loss is: 0.0024233768
Step 2 / 3 
Current loss is: 0.009259489
Current loss is: 3.6073888e-7
Current loss is: 2.7309557e-7
Current loss is: 2.6998637e-7
Current loss is: 2.5943686e-7
Current loss is: 2.6197463e-7
Current loss is: 0.0023724094
Current loss is: 2.7855867e-7
Current loss is: 0.00045350433
Current loss is: 2.5947318e-7
Current loss is: 2.7319118e-6
Current loss is: 3.9203752e-7
Current loss is: 3.2921884e-7
Current loss is: 2.4380051e-6
Current loss is: 3.5965385e-7
Current loss is: 0.00094356807
Current loss is: 3.5053236e-7
Current loss is: 2.6217464e-7
Current loss is: 2.701828e-5
Current loss is: 2.73759e-7
Current loss is: 2.254329e-6
Step 3 / 3 
Current loss is: 0.04720571
Current loss is: 1.5015619e-5
Current loss is: 2.5913675e-7
Current loss is: 2.6761188e-7
Current loss is: 2.6793285e-7
Current loss is: 2.615153e-7
Current loss is: 2.6747725e-7
Current loss is: 2.5608296e-7
Current loss is: 2.6055744e-7
Current loss is: 2.577139e-7
Current loss is: 2.559721e-7
Current loss is: 2.4977334e-7
Current loss is: 2.516696e-7
Current loss is: 2.6152415e-7
Current loss is: 2.53113e-7
Current loss is: 2.6216486e-7
Current loss is: 2.6646302e-7
Current loss is: 2.6695966e-7
Current loss is: 2.6609624e-7
Current loss is: 2.6067744e-7
Current loss is: 2.5431348e-7
sol_ds.value = 1.1477951f0
MLP
sol_mlp.value = 1.1821746754527005
d=2 T=0.2 i=5
DeepSplitting
Step 1 / 3 
Current loss is: 1.0645171
Current loss is: 1.6771211e-5
Current loss is: 8.1494915e-7
Current loss is: 7.664201e-7
Current loss is: 8.327345e-7
Current loss is: 8.1374964e-7
Current loss is: 8.522861e-7
Current loss is: 8.192e-7
Current loss is: 8.0265437e-7
Current loss is: 7.857042e-7
Current loss is: 7.817825e-7
Current loss is: 7.893286e-7
Current loss is: 7.9898933e-7
Current loss is: 7.600873e-7
Current loss is: 8.242768e-7
Current loss is: 8.06789e-7
Current loss is: 7.841317e-7
Current loss is: 7.864488e-7
Current loss is: 8.0398314e-7
Current loss is: 8.7128325e-7
Current loss is: 7.534904e-7
Step 2 / 3 
Current loss is: 0.012491595
Current loss is: 2.5352e-7
Current loss is: 7.343033e-8
Step 3 / 3 
Current loss is: 0.018093491
Current loss is: 9.0176066e-8
sol_ds.value = 1.2050798f0
MLP
sol_mlp.value = 1.1802809341361584
d=2 T=0.5 i=1
DeepSplitting
Step 1 / 3 
Current loss is: 1.2966617
Current loss is: 2.6462225e-5
Current loss is: 6.3118637e-6
Current loss is: 6.0517787e-6
Current loss is: 6.1346564e-6
Current loss is: 5.8620185e-6
Current loss is: 6.1231676e-6
Current loss is: 5.928082e-6
Current loss is: 6.17119e-6
Current loss is: 6.037077e-6
Current loss is: 5.8204805e-6
Current loss is: 6.1154724e-6
Current loss is: 6.0794887e-6
Current loss is: 5.985328e-6
Current loss is: 5.845336e-6
Current loss is: 6.0044354e-6
Current loss is: 5.790087e-6
Current loss is: 5.9216e-6
Current loss is: 5.937013e-6
Current loss is: 7.016413e-6
Current loss is: 6.2324893e-6
Step 2 / 3 
Current loss is: 0.41808704
Current loss is: 8.012874e-6
Current loss is: 6.719924e-7
Current loss is: 6.788025e-7
Current loss is: 6.672336e-7
Current loss is: 6.3582826e-7
Current loss is: 7.042278e-7
Current loss is: 6.7238415e-7
Current loss is: 6.830354e-7
Current loss is: 6.554246e-7
Current loss is: 6.817833e-7
Current loss is: 6.6164324e-7
Current loss is: 7.030664e-7
Current loss is: 6.830336e-7
Current loss is: 6.4813986e-7
Current loss is: 6.8123563e-7
Current loss is: 6.954046e-7
Current loss is: 6.4233e-7
Current loss is: 6.628733e-7
Current loss is: 6.82792e-7
Current loss is: 6.874268e-7
Step 3 / 3 
Current loss is: 0.095620155
Current loss is: 8.5330674e-7
Current loss is: 3.336769e-7
Current loss is: 3.370524e-7
Current loss is: 3.7437053e-7
Current loss is: 3.6003587e-7
Current loss is: 3.2170567e-7
Current loss is: 3.6470513e-7
Current loss is: 3.3724805e-7
Current loss is: 3.489051e-7
Current loss is: 3.6406388e-7
Current loss is: 3.6051995e-7
Current loss is: 3.487453e-7
Current loss is: 3.5608943e-7
Current loss is: 3.325243e-7
Current loss is: 3.4646854e-7
Current loss is: 3.535992e-7
Current loss is: 3.6376613e-7
Current loss is: 3.5984866e-7
Current loss is: 3.8339633e-7
Current loss is: 3.79921e-7
sol_ds.value = 1.5599371f0
MLP
sol_mlp.value = 1.5431112600616936
d=2 T=0.5 i=2
DeepSplitting
Step 1 / 3 
Current loss is: 1.251173
Current loss is: 2.9625658e-5
Current loss is: 6.240657e-6
Current loss is: 6.249983e-6
Current loss is: 6.066826e-6
Current loss is: 5.9042436e-6
Current loss is: 6.115994e-6
Current loss is: 6.0893085e-6
Current loss is: 5.9499034e-6
Current loss is: 6.2663953e-6
Current loss is: 6.2789754e-6
Current loss is: 5.8317946e-6
Current loss is: 6.3631032e-6
Current loss is: 6.0722978e-6
Current loss is: 6.292986e-6
Current loss is: 5.984787e-6
Current loss is: 5.8766077e-6
Current loss is: 5.9282943e-6
Current loss is: 6.448064e-6
Current loss is: 6.0824e-6
Current loss is: 5.781302e-6
Step 2 / 3 
Current loss is: 0.27008638
Current loss is: 8.135411e-5
Current loss is: 6.698021e-7
Current loss is: 6.7869956e-7
Current loss is: 6.883652e-7
Current loss is: 6.6583493e-7
Current loss is: 6.7814983e-7
Current loss is: 6.9637287e-7
Current loss is: 6.6721066e-7
Current loss is: 6.504335e-7
Current loss is: 6.389292e-7
Current loss is: 6.6106224e-7
Current loss is: 6.7854864e-7
Current loss is: 6.670353e-7
Current loss is: 6.569365e-7
Current loss is: 6.780066e-7
Current loss is: 6.685545e-7
Current loss is: 6.552271e-7
Current loss is: 6.455701e-7
Current loss is: 6.7396354e-7
Current loss is: 6.6614865e-7
Step 3 / 3 
Current loss is: 0.0010117434
Current loss is: 1.4685992e-6
Current loss is: 5.1363395e-7
Current loss is: 5.0588176e-7
Current loss is: 4.929394e-7
Current loss is: 5.0586834e-7
Current loss is: 4.5525633e-7
Current loss is: 4.9797774e-7
Current loss is: 4.663855e-7
Current loss is: 4.7385498e-7
Current loss is: 4.952645e-7
Current loss is: 4.789136e-7
Current loss is: 4.868964e-7
Current loss is: 4.956605e-7
Current loss is: 4.867598e-7
Current loss is: 4.9350615e-7
Current loss is: 4.4690745e-7
Current loss is: 4.907988e-7
Current loss is: 4.7898146e-7
Current loss is: 4.9380407e-7
Current loss is: 4.4790391e-7
sol_ds.value = 1.5590677f0
MLP
sol_mlp.value = 1.5377176867207107
d=2 T=0.5 i=3
DeepSplitting
Step 1 / 3 
Current loss is: 1.2424922
Current loss is: 2.5547388e-5
Current loss is: 5.8157293e-6
Current loss is: 5.947525e-6
Current loss is: 5.982837e-6

signal (2): Interrupt
in expression starting at /home/victorb/projects/stochanal/HighDimPDE_examples/paper/run_example_files.jl:49
pthread_cond_wait at /lib/x86_64-linux-gnu/libpthread.so.0 (unknown line)
uv_cond_wait at /workspace/srcdir/libuv/src/unix/thread.c:847
jl_task_get_next at /buildworker/worker/package_linux64/build/src/partr.c:508
poptask at ./task.jl:760
wait at ./task.jl:768 [inlined]
task_done_hook at ./task.jl:494
_jl_invoke at /buildworker/worker/package_linux64/build/src/gf.c:2237 [inlined]
jl_apply_generic at /buildworker/worker/package_linux64/build/src/gf.c:2419
jl_apply at /buildworker/worker/package_linux64/build/src/julia.h:1703 [inlined]
jl_finish_task at /buildworker/worker/package_linux64/build/src/task.c:208
start_task at /buildworker/worker/package_linux64/build/src/task.c:850
unknown function (ip: (nil))
unknown function (ip: (nil))
pthread_cond_wait at /lib/x86_64-linux-gnu/libpthread.so.0 (unknown line)
uv_cond_wait at /workspace/srcdir/libuv/src/unix/thread.c:847
jl_task_get_next at /buildworker/worker/package_linux64/build/src/partr.c:508
poptask at ./task.jl:760
wait at ./task.jl:768 [inlined]
task_done_hook at ./task.jl:494
_jl_invoke at /buildworker/worker/package_linux64/build/src/gf.c:2237 [inlined]
jl_apply_generic at /buildworker/worker/package_linux64/build/src/gf.c:2419
jl_apply at /buildworker/worker/package_linux64/build/src/julia.h:1703 [inlined]
jl_finish_task at /buildworker/worker/package_linux64/build/src/task.c:208
start_task at /buildworker/worker/package_linux64/build/src/task.c:850
unknown function (ip: (nil))
unknown function (ip: (nil))
pthread_cond_wait at /lib/x86_64-linux-gnu/libpthread.so.0 (unknown line)
uv_cond_wait at /workspace/srcdir/libuv/src/unix/thread.c:847
jl_task_get_next at /buildworker/worker/package_linux64/build/src/partr.c:508
poptask at ./task.jl:760
wait at ./task.jl:768 [inlined]
task_done_hook at ./task.jl:494
_jl_invoke at /buildworker/worker/package_linux64/build/src/gf.c:2237 [inlined]
jl_apply_generic at /buildworker/worker/package_linux64/build/src/gf.c:2419
jl_apply at /buildworker/worker/package_linux64/build/src/julia.h:1703 [inlined]
jl_finish_task at /buildworker/worker/package_linux64/build/src/task.c:208
start_task at /buildworker/worker/package_linux64/build/src/task.c:850
unknown function (ip: (nil))
unknown function (ip: (nil))
pthread_cond_wait at /lib/x86_64-linux-gnu/libpthread.so.0 (unknown line)
uv_cond_wait at /workspace/srcdir/libuv/src/unix/thread.c:847
jl_task_get_next at /buildworker/worker/package_linux64/build/src/partr.c:508
poptask at ./task.jl:760
wait at ./task.jl:768 [inlined]
task_done_hook at ./task.jl:494
_jl_invoke at /buildworker/worker/package_linux64/build/src/gf.c:2237 [inlined]
jl_apply_generic at /buildworker/worker/package_linux64/build/src/gf.c:2419
jl_apply at /buildworker/worker/package_linux64/build/src/julia.h:1703 [inlined]
jl_finish_task at /buildworker/worker/package_linux64/build/src/task.c:208
start_task at /buildworker/worker/package_linux64/build/src/task.c:850
unknown function (ip: (nil))
unknown function (ip: (nil))
pthread_cond_wait at /lib/x86_64-linux-gnu/libpthread.so.0 (unknown line)
uv_cond_wait at /workspace/srcdir/libuv/src/unix/thread.c:847
jl_task_get_next at /buildworker/worker/package_linux64/build/src/partr.c:508
poptask at ./task.jl:760
wait at ./task.jl:768 [inlined]
task_done_hook at ./task.jl:494
_jl_invoke at /buildworker/worker/package_linux64/build/src/gf.c:2237 [inlined]
jl_apply_generic at /buildworker/worker/package_linux64/build/src/gf.c:2419
jl_apply at /buildworker/worker/package_linux64/build/src/julia.h:1703 [inlined]
jl_finish_task at /buildworker/worker/package_linux64/build/src/task.c:208
start_task at /buildworker/worker/package_linux64/build/src/task.c:850
unknown function (ip: (nil))
unknown function (ip: (nil))
pthread_cond_wait at /lib/x86_64-linux-gnu/libpthread.so.0 (unknown line)
uv_cond_wait at /workspace/srcdir/libuv/src/unix/thread.c:847
jl_task_get_next at /buildworker/worker/package_linux64/build/src/partr.c:508
poptask at ./task.jl:760
wait at ./task.jl:768 [inlined]
task_done_hook at ./task.jl:494
_jl_invoke at /buildworker/worker/package_linux64/build/src/gf.c:2237 [inlined]
jl_apply_generic at /buildworker/worker/package_linux64/build/src/gf.c:2419
jl_apply at /buildworker/worker/package_linux64/build/src/julia.h:1703 [inlined]
jl_finish_task at /buildworker/worker/package_linux64/build/src/task.c:208
start_task at /buildworker/worker/package_linux64/build/src/task.c:850
unknown function (ip: (nil))
unknown function (ip: (nil))
pthread_cond_wait at /lib/x86_64-linux-gnu/libpthread.so.0 (unknown line)
uv_cond_wait at /workspace/srcdir/libuv/src/unix/thread.c:847
jl_task_get_next at /buildworker/worker/package_linux64/build/src/partr.c:508
poptask at ./task.jl:760
wait at ./task.jl:768 [inlined]
task_done_hook at ./task.jl:494
_jl_invoke at /buildworker/worker/package_linux64/build/src/gf.c:2237 [inlined]
jl_apply_generic at /buildworker/worker/package_linux64/build/src/gf.c:2419
jl_apply at /buildworker/worker/package_linux64/build/src/julia.h:1703 [inlined]
jl_finish_task at /buildworker/worker/package_linux64/build/src/task.c:208
start_task at /buildworker/worker/package_linux64/build/src/task.c:850
unknown function (ip: (nil))
unknown function (ip: (nil))
pthread_cond_wait at /lib/x86_64-linux-gnu/libpthread.so.0 (unknown line)
uv_cond_wait at /workspace/srcdir/libuv/src/unix/thread.c:847
jl_task_get_next at /buildworker/worker/package_linux64/build/src/partr.c:508
poptask at ./task.jl:760
wait at ./task.jl:768 [inlined]
task_done_hook at ./task.jl:494
_jl_invoke at /buildworker/worker/package_linux64/build/src/gf.c:2237 [inlined]
jl_apply_generic at /buildworker/worker/package_linux64/build/src/gf.c:2419
jl_apply at /buildworker/worker/package_linux64/build/src/julia.h:1703 [inlined]
jl_finish_task at /buildworker/worker/package_linux64/build/src/task.c:208
start_task at /buildworker/worker/package_linux64/build/src/task.c:850
unknown function (ip: (nil))
unknown function (ip: (nil))
pthread_cond_wait at /lib/x86_64-linux-gnu/libpthread.so.0 (unknown line)
uv_cond_wait at /workspace/srcdir/libuv/src/unix/thread.c:847
jl_task_get_next at /buildworker/worker/package_linux64/build/src/partr.c:508
poptask at ./task.jl:760
wait at ./task.jl:768 [inlined]
task_done_hook at ./task.jl:494
_jl_invoke at /buildworker/worker/package_linux64/build/src/gf.c:2237 [inlined]
jl_apply_generic at /buildworker/worker/package_linux64/build/src/gf.c:2419
jl_apply at /buildworker/worker/package_linux64/build/src/julia.h:1703 [inlined]
jl_finish_task at /buildworker/worker/package_linux64/build/src/task.c:208
start_task at /buildworker/worker/package_linux64/build/src/task.c:850
unknown function (ip: (nil))
unknown function (ip: (nil))
pthread_cond_wait at /lib/x86_64-linux-gnu/libpthread.so.0 (unknown line)
uv_cond_wait at /workspace/srcdir/libuv/src/unix/thread.c:847
jl_task_get_next at /buildworker/worker/package_linux64/build/src/partr.c:508
poptask at ./task.jl:760
wait at ./task.jl:768 [inlined]
task_done_hook at ./task.jl:494
_jl_invoke at /buildworker/worker/package_linux64/build/src/gf.c:2237 [inlined]
jl_apply_generic at /buildworker/worker/package_linux64/build/src/gf.c:2419
jl_apply at /buildworker/worker/package_linux64/build/src/julia.h:1703 [inlined]
jl_finish_task at /buildworker/worker/package_linux64/build/src/task.c:208
start_task at /buildworker/worker/package_linux64/build/src/task.c:850
unknown function (ip: (nil))
unknown function (ip: (nil))
pthread_cond_wait at /lib/x86_64-linux-gnu/libpthread.so.0 (unknown line)
uv_cond_wait at /workspace/srcdir/libuv/src/unix/thread.c:847
jl_task_get_next at /buildworker/worker/package_linux64/build/src/partr.c:508
poptask at ./task.jl:760
wait at ./task.jl:768 [inlined]
task_done_hook at ./task.jl:494
_jl_invoke at /buildworker/worker/package_linux64/build/src/gf.c:2237 [inlined]
jl_apply_generic at /buildworker/worker/package_linux64/build/src/gf.c:2419
jl_apply at /buildworker/worker/package_linux64/build/src/julia.h:1703 [inlined]
jl_finish_task at /buildworker/worker/package_linux64/build/src/task.c:208
start_task at /buildworker/worker/package_linux64/build/src/task.c:850
unknown function (ip: (nil))
unknown function (ip: (nil))
pthread_cond_wait at /lib/x86_64-linux-gnu/libpthread.so.0 (unknown line)
uv_cond_wait at /workspace/srcdir/libuv/src/unix/thread.c:847
jl_task_get_next at /buildworker/worker/package_linux64/build/src/partr.c:508
poptask at ./task.jl:760
wait at ./task.jl:768 [inlined]
task_done_hook at ./task.jl:494
_jl_invoke at /buildworker/worker/package_linux64/build/src/gf.c:2237 [inlined]
jl_apply_generic at /buildworker/worker/package_linux64/build/src/gf.c:2419
jl_apply at /buildworker/worker/package_linux64/build/src/julia.h:1703 [inlined]
jl_finish_task at /buildworker/worker/package_linux64/build/src/task.c:208
start_task at /buildworker/worker/package_linux64/build/src/task.c:850
unknown function (ip: (nil))
unknown function (ip: (nil))
pthread_cond_wait at /lib/x86_64-linux-gnu/libpthread.so.0 (unknown line)
uv_cond_wait at /workspace/srcdir/libuv/src/unix/thread.c:847
jl_task_get_next at /buildworker/worker/package_linux64/build/src/partr.c:508
poptask at ./task.jl:760
wait at ./task.jl:768 [inlined]
task_done_hook at ./task.jl:494
_jl_invoke at /buildworker/worker/package_linux64/build/src/gf.c:2237 [inlined]
jl_apply_generic at /buildworker/worker/package_linux64/build/src/gf.c:2419
jl_apply at /buildworker/worker/package_linux64/build/src/julia.h:1703 [inlined]
jl_finish_task at /buildworker/worker/package_linux64/build/src/task.c:208
start_task at /buildworker/worker/package_linux64/build/src/task.c:850
unknown function (ip: (nil))
unknown function (ip: (nil))
pthread_cond_wait at /lib/x86_64-linux-gnu/libpthread.so.0 (unknown line)
uv_cond_wait at /workspace/srcdir/libuv/src/unix/thread.c:847
jl_task_get_next at /buildworker/worker/package_linux64/build/src/partr.c:508
poptask at ./task.jl:760
wait at ./task.jl:768 [inlined]
task_done_hook at ./task.jl:494
_jl_invoke at /buildworker/worker/package_linux64/build/src/gf.c:2237 [inlined]
jl_apply_generic at /buildworker/worker/package_linux64/build/src/gf.c:2419
jl_apply at /buildworker/worker/package_linux64/build/src/julia.h:1703 [inlined]
jl_finish_task at /buildworker/worker/package_linux64/build/src/task.c:208
start_task at /buildworker/worker/package_linux64/build/src/task.c:850
unknown function (ip: (nil))
unknown function (ip: (nil))
pthread_cond_wait at /lib/x86_64-linux-gnu/libpthread.so.0 (unknown line)
uv_cond_wait at /workspace/srcdir/libuv/src/unix/thread.c:847
jl_task_get_next at /buildworker/worker/package_linux64/build/src/partr.c:508
poptask at ./task.jl:760
wait at ./task.jl:768 [inlined]
task_done_hook at ./task.jl:494
_jl_invoke at /buildworker/worker/package_linux64/build/src/gf.c:2237 [inlined]
jl_apply_generic at /buildworker/worker/package_linux64/build/src/gf.c:2419
jl_apply at /buildworker/worker/package_linux64/build/src/julia.h:1703 [inlined]
jl_finish_task at /buildworker/worker/package_linux64/build/src/task.c:208
start_task at /buildworker/worker/package_linux64/build/src/task.c:850
unknown function (ip: (nil))
unknown function (ip: (nil))
pthread_cond_wait at /lib/x86_64-linux-gnu/libpthread.so.0 (unknown line)
uv_cond_wait at /workspace/srcdir/libuv/src/unix/thread.c:847
jl_task_get_next at /buildworker/worker/package_linux64/build/src/partr.c:508
poptask at ./task.jl:760
wait at ./task.jl:768 [inlined]
task_done_hook at ./task.jl:494
_jl_invoke at /buildworker/worker/package_linux64/build/src/gf.c:2237 [inlined]
jl_apply_generic at /buildworker/worker/package_linux64/build/src/gf.c:2419
jl_apply at /buildworker/worker/package_linux64/build/src/julia.h:1703 [inlined]
jl_finish_task at /buildworker/worker/package_linux64/build/src/task.c:208
start_task at /buildworker/worker/package_linux64/build/src/task.c:850
unknown function (ip: (nil))
unknown function (ip: (nil))
pthread_cond_wait at /lib/x86_64-linux-gnu/libpthread.so.0 (unknown line)
uv_cond_wait at /workspace/srcdir/libuv/src/unix/thread.c:847
jl_task_get_next at /buildworker/worker/package_linux64/build/src/partr.c:508
poptask at ./task.jl:760
wait at ./task.jl:768 [inlined]
task_done_hook at ./task.jl:494
_jl_invoke at /buildworker/worker/package_linux64/build/src/gf.c:2237 [inlined]
jl_apply_generic at /buildworker/worker/package_linux64/build/src/gf.c:2419
jl_apply at /buildworker/worker/package_linux64/build/src/julia.h:1703 [inlined]
jl_finish_task at /buildworker/worker/package_linux64/build/src/task.c:208
start_task at /buildworker/worker/package_linux64/build/src/task.c:850
unknown function (ip: (nil))
unknown function (ip: (nil))
pthread_cond_wait at /lib/x86_64-linux-gnu/libpthread.so.0 (unknown line)
uv_cond_wait at /workspace/srcdir/libuv/src/unix/thread.c:847
jl_task_get_next at /buildworker/worker/package_linux64/build/src/partr.c:508
poptask at ./task.jl:760
wait at ./task.jl:768 [inlined]
task_done_hook at ./task.jl:494
_jl_invoke at /buildworker/worker/package_linux64/build/src/gf.c:2237 [inlined]
jl_apply_generic at /buildworker/worker/package_linux64/build/src/gf.c:2419
jl_apply at /buildworker/worker/package_linux64/build/src/julia.h:1703 [inlined]
jl_finish_task at /buildworker/worker/package_linux64/build/src/task.c:208
start_task at /buildworker/worker/package_linux64/build/src/task.c:850
unknown function (ip: (nil))
unknown function (ip: (nil))
pthread_cond_wait at /lib/x86_64-linux-gnu/libpthread.so.0 (unknown line)
uv_cond_wait at /workspace/srcdir/libuv/src/unix/thread.c:847
jl_task_get_next at /buildworker/worker/package_linux64/build/src/partr.c:508
poptask at ./task.jl:760
wait at ./task.jl:768 [inlined]
task_done_hook at ./task.jl:494
_jl_invoke at /buildworker/worker/package_linux64/build/src/gf.c:2237 [inlined]
jl_apply_generic at /buildworker/worker/package_linux64/build/src/gf.c:2419
jl_apply at /buildworker/worker/package_linux64/build/src/julia.h:1703 [inlined]
jl_finish_task at /buildworker/worker/package_linux64/build/src/task.c:208
start_task at /buildworker/worker/package_linux64/build/src/task.c:850
unknown function (ip: (nil))
unknown function (ip: (nil))
pthread_cond_wait at /lib/x86_64-linux-gnu/libpthread.so.0 (unknown line)
uv_cond_wait at /workspace/srcdir/libuv/src/unix/thread.c:847
jl_task_get_next at /buildworker/worker/package_linux64/build/src/partr.c:508
poptask at ./task.jl:760
wait at ./task.jl:768 [inlined]
task_done_hook at ./task.jl:494
_jl_invoke at /buildworker/worker/package_linux64/build/src/gf.c:2237 [inlined]
jl_apply_generic at /buildworker/worker/package_linux64/build/src/gf.c:2419
jl_apply at /buildworker/worker/package_linux64/build/src/julia.h:1703 [inlined]
jl_finish_task at /buildworker/worker/package_linux64/build/src/task.c:208
start_task at /buildworker/worker/package_linux64/build/src/task.c:850
unknown function (ip: (nil))
unknown function (ip: (nil))
pthread_cond_wait at /lib/x86_64-linux-gnu/libpthread.so.0 (unknown line)
uv_cond_wait at /workspace/srcdir/libuv/src/unix/thread.c:847
jl_task_get_next at /buildworker/worker/package_linux64/build/src/partr.c:508
poptask at ./task.jl:760
wait at ./task.jl:768 [inlined]
task_done_hook at ./task.jl:494
_jl_invoke at /buildworker/worker/package_linux64/build/src/gf.c:2237 [inlined]
jl_apply_generic at /buildworker/worker/package_linux64/build/src/gf.c:2419
jl_apply at /buildworker/worker/package_linux64/build/src/julia.h:1703 [inlined]
jl_finish_task at /buildworker/worker/package_linux64/build/src/task.c:208
start_task at /buildworker/worker/package_linux64/build/src/task.c:850
unknown function (ip: (nil))
unknown function (ip: (nil))
pthread_cond_wait at /lib/x86_64-linux-gnu/libpthread.so.0 (unknown line)
uv_cond_wait at /workspace/srcdir/libuv/src/unix/thread.c:847
jl_task_get_next at /buildworker/worker/package_linux64/build/src/partr.c:508
poptask at ./task.jl:760
wait at ./task.jl:768 [inlined]
task_done_hook at ./task.jl:494
_jl_invoke at /buildworker/worker/package_linux64/build/src/gf.c:2237 [inlined]
jl_apply_generic at /buildworker/worker/package_linux64/build/src/gf.c:2419
jl_apply at /buildworker/worker/package_linux64/build/src/julia.h:1703 [inlined]
jl_finish_task at /buildworker/worker/package_linux64/build/src/task.c:208
start_task at /buildworker/worker/package_linux64/build/src/task.c:850
unknown function (ip: (nil))
unknown function (ip: (nil))
pthread_cond_wait at /lib/x86_64-linux-gnu/libpthread.so.0 (unknown line)
uv_cond_wait at /workspace/srcdir/libuv/src/unix/thread.c:847
jl_task_get_next at /buildworker/worker/package_linux64/build/src/partr.c:508
poptask at ./task.jl:760
wait at ./task.jl:768 [inlined]
task_done_hook at ./task.jl:494
_jl_invoke at /buildworker/worker/package_linux64/build/src/gf.c:2237 [inlined]
jl_apply_generic at /buildworker/worker/package_linux64/build/src/gf.c:2419
jl_apply at /buildworker/worker/package_linux64/build/src/julia.h:1703 [inlined]
jl_finish_task at /buildworker/worker/package_linux64/build/src/task.c:208
start_task at /buildworker/worker/package_linux64/build/src/task.c:850
unknown function (ip: (nil))
unknown function (ip: (nil))
pthread_cond_wait at /lib/x86_64-linux-gnu/libpthread.so.0 (unknown line)
uv_cond_wait at /workspace/srcdir/libuv/src/unix/thread.c:847
jl_task_get_next at /buildworker/worker/package_linux64/build/src/partr.c:508
poptask at ./task.jl:760
wait at ./task.jl:768 [inlined]
task_done_hook at ./task.jl:494
_jl_invoke at /buildworker/worker/package_linux64/build/src/gf.c:2237 [inlined]
jl_apply_generic at /buildworker/worker/package_linux64/build/src/gf.c:2419
jl_apply at /buildworker/worker/package_linux64/build/src/julia.h:1703 [inlined]
jl_finish_task at /buildworker/worker/package_linux64/build/src/task.c:208
start_task at /buildworker/worker/package_linux64/build/src/task.c:850
unknown function (ip: (nil))
unknown function (ip: (nil))
__sched_yield at /lib/x86_64-linux-gnu/libc.so.6 (unknown line)
exec_blas_async_wait at /home/victorb/utils/julia-1.6.1/bin/../lib/julia/libopenblas64_.so (unknown line)
exec_blas at /home/victorb/utils/julia-1.6.1/bin/../lib/julia/libopenblas64_.so (unknown line)
gemm_driver at /home/victorb/utils/julia-1.6.1/bin/../lib/julia/libopenblas64_.so (unknown line)
sgemm_thread_tn at /home/victorb/utils/julia-1.6.1/bin/../lib/julia/libopenblas64_.so (unknown line)
sgemm_64_ at /home/victorb/utils/julia-1.6.1/bin/../lib/julia/libopenblas64_.so (unknown line)
gemm! at /buildworker/worker/package_linux64/build/usr/share/julia/stdlib/v1.6/LinearAlgebra/src/blas.jl:1458
gemm_wrapper! at /buildworker/worker/package_linux64/build/usr/share/julia/stdlib/v1.6/LinearAlgebra/src/matmul.jl:671
mul! at /buildworker/worker/package_linux64/build/usr/share/julia/stdlib/v1.6/LinearAlgebra/src/matmul.jl:377 [inlined]
mul! at /buildworker/worker/package_linux64/build/usr/share/julia/stdlib/v1.6/LinearAlgebra/src/matmul.jl:444 [inlined]
mul! at /buildworker/worker/package_linux64/build/usr/share/julia/stdlib/v1.6/LinearAlgebra/src/matmul.jl:275 [inlined]
* at /buildworker/worker/package_linux64/build/usr/share/julia/stdlib/v1.6/LinearAlgebra/src/matmul.jl:153 [inlined]
#1262 at /home/victorb/.julia/packages/ChainRules/RyXef/src/rulesets/Base/arraymath.jl:56 [inlined]
unthunk at /home/victorb/.julia/packages/ChainRulesCore/MhCRV/src/tangent_types/thunks.jl:194 [inlined]
unthunk at /home/victorb/.julia/packages/ChainRulesCore/MhCRV/src/tangent_types/thunks.jl:217 [inlined]
wrap_chainrules_output at /home/victorb/.julia/packages/Zygote/Lw5Kf/src/compiler/chainrules.jl:104 [inlined]
map at ./tuple.jl:215 [inlined]
wrap_chainrules_output at /home/victorb/.julia/packages/Zygote/Lw5Kf/src/compiler/chainrules.jl:105 [inlined]
ZBack at /home/victorb/.julia/packages/Zygote/Lw5Kf/src/compiler/chainrules.jl:168 [inlined]
Pullback at /home/victorb/.julia/packages/Flux/ZnXxS/src/layers/basic.jl:158 [inlined]
Pullback at /home/victorb/.julia/packages/Zygote/Lw5Kf/src/compiler/interface2.jl:0
Pullback at /home/victorb/.julia/packages/Flux/ZnXxS/src/layers/basic.jl:161 [inlined]
Pullback at /home/victorb/.julia/packages/Flux/ZnXxS/src/layers/basic.jl:47 [inlined]
Pullback at /home/victorb/.julia/packages/Zygote/Lw5Kf/src/compiler/interface2.jl:0
Pullback at /home/victorb/.julia/packages/Flux/ZnXxS/src/layers/basic.jl:49 [inlined]
Pullback at /home/victorb/.julia/packages/Zygote/Lw5Kf/src/compiler/interface2.jl:0
unknown function (ip: 0x7fb51811e04f)
_jl_invoke at /buildworker/worker/package_linux64/build/src/gf.c:2237 [inlined]
jl_apply_generic at /buildworker/worker/package_linux64/build/src/gf.c:2419
Pullback at /home/victorb/projects/HighDimPDE.jl/src/DeepSplitting.jl:91 [inlined]
Pullback at /home/victorb/.julia/packages/Zygote/Lw5Kf/src/compiler/interface2.jl:0
Pullback at /home/victorb/projects/HighDimPDE.jl/src/DeepSplitting.jl:96 [inlined]
Pullback at /home/victorb/.julia/packages/Zygote/Lw5Kf/src/compiler/interface2.jl:0
Pullback at /home/victorb/projects/HighDimPDE.jl/src/DeepSplitting.jl:137 [inlined]
Pullback at /home/victorb/.julia/packages/Zygote/Lw5Kf/src/compiler/interface2.jl:0
#84 at /home/victorb/.julia/packages/Zygote/Lw5Kf/src/compiler/interface.jl:343
unknown function (ip: 0x7fb5180ed03f)
_jl_invoke at /buildworker/worker/package_linux64/build/src/gf.c:2237 [inlined]
jl_apply_generic at /buildworker/worker/package_linux64/build/src/gf.c:2419
gradient at /home/victorb/.julia/packages/Zygote/Lw5Kf/src/compiler/interface.jl:76
unknown function (ip: 0x7fb59c1007fe)
#solve#7 at /home/victorb/projects/HighDimPDE.jl/src/DeepSplitting.jl:136
solve##kw at /home/victorb/projects/HighDimPDE.jl/src/DeepSplitting.jl:33
unknown function (ip: 0x7fb59c0ee989)
_jl_invoke at /buildworker/worker/package_linux64/build/src/gf.c:2237 [inlined]
jl_apply_generic at /buildworker/worker/package_linux64/build/src/gf.c:2419
DeepSplitting_nonlocal_comp at /home/victorb/projects/stochanal/HighDimPDE_examples/paper/DeepSplitting_nonlocal_comp.jl:44
unknown function (ip: 0x7fb59c0e9862)
_jl_invoke at /buildworker/worker/package_linux64/build/src/gf.c:2237 [inlined]
jl_apply_generic at /buildworker/worker/package_linux64/build/src/gf.c:2419
jl_apply at /buildworker/worker/package_linux64/build/src/julia.h:1703 [inlined]
do_call at /buildworker/worker/package_linux64/build/src/interpreter.c:115
eval_value at /buildworker/worker/package_linux64/build/src/interpreter.c:204
eval_body at /buildworker/worker/package_linux64/build/src/interpreter.c:435
eval_body at /buildworker/worker/package_linux64/build/src/interpreter.c:490
jl_interpret_toplevel_thunk at /buildworker/worker/package_linux64/build/src/interpreter.c:670
jl_toplevel_eval_flex at /buildworker/worker/package_linux64/build/src/toplevel.c:877
jl_toplevel_eval_flex at /buildworker/worker/package_linux64/build/src/toplevel.c:825
jl_toplevel_eval_in at /buildworker/worker/package_linux64/build/src/toplevel.c:929
eval at ./boot.jl:360 [inlined]
include_string at ./loading.jl:1094
_jl_invoke at /buildworker/worker/package_linux64/build/src/gf.c:2237 [inlined]
jl_apply_generic at /buildworker/worker/package_linux64/build/src/gf.c:2419
_include at ./loading.jl:1148
include at ./Base.jl:386
_jl_invoke at /buildworker/worker/package_linux64/build/src/gf.c:2237 [inlined]
jl_apply_generic at /buildworker/worker/package_linux64/build/src/gf.c:2419
exec_options at ./client.jl:285
_start at ./client.jl:485
jfptr__start_34289.clone_1 at /home/victorb/utils/julia-1.6.1/lib/julia/sys.so (unknown line)
_jl_invoke at /buildworker/worker/package_linux64/build/src/gf.c:2237 [inlined]
jl_apply_generic at /buildworker/worker/package_linux64/build/src/gf.c:2419
jl_apply at /buildworker/worker/package_linux64/build/src/julia.h:1703 [inlined]
true_main at /buildworker/worker/package_linux64/build/src/jlapi.c:560
repl_entrypoint at /buildworker/worker/package_linux64/build/src/jlapi.c:702
main at /buildworker/worker/package_linux64/build/cli/loader_exe.c:51
__libc_start_main at /lib/x86_64-linux-gnu/libc.so.6 (unknown line)
_start at /home/victorb/utils/julia-1.6.1/bin/julia (unknown line)
unknown function (ip: (nil))
Allocations: 352138520 (Pool: 351742205; Big: 396315); GC: 72169
[ Info: Training on CPU
[ Info: Training on CPU
[ Info: Training on CPU
[ Info: Training on CPU
[ Info: Training on CPU
[ Info: Training on CPU
[ Info: Training on CPU
[ Info: Training on CPU
[ Info: Training on CPU
[ Info: Training on CPU
[ Info: Training on CPU
[ Info: Training on CPU
[ Info: Training on CPU
[ Info: Training on CPU
[ Info: Training on CPU
[ Info: Training on CPU
[ Info: Training on CPU
[ Info: Training on CPU
[ Info: Training on CPU
[ Info: Training on CPU
[ Info: Training on CPU
[ Info: Training on CPU
[ Info: Training on CPU
Current loss is: 5.966772e-6
Current loss is: 6.2846652e-6
Current loss is: 6.359335e-6
Current loss is: 6.0525126e-6
Current loss is: 6.2005906e-6
Current loss is: 5.7690936e-6
Current loss is: 5.977475e-6
Current loss is: 5.8946634e-6
Current loss is: 5.795187e-6
Current loss is: 5.969518e-6
Current loss is: 5.8358814e-6
Current loss is: 5.8083e-6
Current loss is: 5.9931403e-6
Current loss is: 5.8794462e-6
Current loss is: 6.04231e-6
Current loss is: 5.4244138e-6
Step 2 / 3 
Current loss is: 0.38498917
Current loss is: 3.7950475e-5
Current loss is: 1.0760224e-6
Current loss is: 1.1832768e-6
Current loss is: 1.1660763e-6
